<?xml version="1.0" encoding="utf-8"?>
<!DOCTYPE coverage SYSTEM "http://cobertura.sourceforge.net/xml/coverage-04.dtd">
<coverage line-rate="0.743975903614458" branch-rate="0.583333333333333" lines-covered="247" lines-valid="332" branches-covered="14" branches-valid="24" complexity="127" version="0" timestamp="1702461017">
  <sources>
    <source>C:\Users\baske\</source>
  </sources>
  <packages>
    <package name="Core" line-rate="0.118421052631579" branch-rate="0" complexity="47">
      <classes>
        <class name="Core.APICalls" filename="C:\Users\baske\Desktop\Programmering\Test\Test\Core\ApiCalls.cs" line-rate="0" branch-rate="0" complexity="2">
          <methods>
            <method name="GetAPICall" signature="()" line-rate="0" branch-rate="0" complexity="2">
              <lines>
                <line number="14" hits="0" branch="false" />
                <line number="15" hits="0" branch="false" />
                <line number="16" hits="0" branch="false" />
                <line number="17" hits="0" branch="false" />
                <line number="18" hits="0" branch="false" />
                <line number="19" hits="0" branch="false" />
                <line number="20" hits="0" branch="false" />
                <line number="21" hits="0" branch="true" condition-coverage="0% (0/2)" />
                <line number="22" hits="0" branch="false" />
                <line number="23" hits="0" branch="false" />
                <line number="24" hits="0" branch="false" />
                <line number="25" hits="0" branch="false" />
                <line number="28" hits="0" branch="false" />
                <line number="29" hits="0" branch="false" />
                <line number="32" hits="0" branch="false" />
              </lines>
            </method>
          </methods>
          <lines>
            <line number="14" hits="0" branch="false" />
            <line number="15" hits="0" branch="false" />
            <line number="16" hits="0" branch="false" />
            <line number="17" hits="0" branch="false" />
            <line number="18" hits="0" branch="false" />
            <line number="19" hits="0" branch="false" />
            <line number="20" hits="0" branch="false" />
            <line number="21" hits="0" branch="true" condition-coverage="0% (0/2)" />
            <line number="22" hits="0" branch="false" />
            <line number="23" hits="0" branch="false" />
            <line number="24" hits="0" branch="false" />
            <line number="25" hits="0" branch="false" />
            <line number="28" hits="0" branch="false" />
            <line number="29" hits="0" branch="false" />
            <line number="32" hits="0" branch="false" />
          </lines>
        </class>
        <class name="Core.Commands.Exercises.ImportValues" filename="C:\Users\baske\Desktop\Programmering\Test\Test\Core\Commands\Exercises\ImportValues.cs" line-rate="0" branch-rate="1" complexity="1">
          <methods>
            <method name="AssignValuesToNewExercise" signature="(...)" line-rate="0" branch-rate="1" complexity="1">
              <lines>
                <line number="14" hits="0" branch="false" />
                <line number="15" hits="0" branch="false" />
                <line number="16" hits="0" branch="false" />
                <line number="17" hits="0" branch="false" />
                <line number="18" hits="0" branch="false" />
                <line number="19" hits="0" branch="false" />
                <line number="20" hits="0" branch="false" />
                <line number="21" hits="0" branch="false" />
                <line number="23" hits="0" branch="false" />
                <line number="24" hits="0" branch="false" />
              </lines>
            </method>
          </methods>
          <lines>
            <line number="14" hits="0" branch="false" />
            <line number="15" hits="0" branch="false" />
            <line number="16" hits="0" branch="false" />
            <line number="17" hits="0" branch="false" />
            <line number="18" hits="0" branch="false" />
            <line number="19" hits="0" branch="false" />
            <line number="20" hits="0" branch="false" />
            <line number="21" hits="0" branch="false" />
            <line number="23" hits="0" branch="false" />
            <line number="24" hits="0" branch="false" />
          </lines>
        </class>
        <class name="Core.Helpers.Extensions" filename="C:\Users\baske\Desktop\Programmering\Test\Test\Core\Helpers\Extensions.cs" line-rate="0" branch-rate="0" complexity="4">
          <methods>
            <method name="LimitLength" signature="(...)" line-rate="0" branch-rate="0" complexity="4">
              <lines>
                <line number="13" hits="0" branch="false" />
                <line number="14" hits="0" branch="true" condition-coverage="0% (0/2)" />
                <line number="15" hits="0" branch="false" />
                <line number="16" hits="0" branch="true" condition-coverage="0% (0/2)" />
                <line number="17" hits="0" branch="false" />
                <line number="18" hits="0" branch="false" />
                <line number="20" hits="0" branch="false" />
                <line number="22" hits="0" branch="false" />
                <line number="23" hits="0" branch="false" />
              </lines>
            </method>
          </methods>
          <lines>
            <line number="13" hits="0" branch="false" />
            <line number="14" hits="0" branch="true" condition-coverage="0% (0/2)" />
            <line number="15" hits="0" branch="false" />
            <line number="16" hits="0" branch="true" condition-coverage="0% (0/2)" />
            <line number="17" hits="0" branch="false" />
            <line number="18" hits="0" branch="false" />
            <line number="20" hits="0" branch="false" />
            <line number="22" hits="0" branch="false" />
            <line number="23" hits="0" branch="false" />
          </lines>
        </class>
        <class name="Core.Interfaces.Commands.Exercises.IImportValues" filename="C:\Users\baske\Desktop\Programmering\Test\Test\Core\Interfaces\Commands\Exercises\IImportValues.cs" line-rate="0" branch-rate="1" complexity="1">
          <methods>
            <method name="AssignValuesToNewExercise" signature="(...)" line-rate="0" branch-rate="1" complexity="1">
              <lines>
                <line number="13" hits="0" branch="false" />
                <line number="14" hits="0" branch="false" />
                <line number="15" hits="0" branch="false" />
              </lines>
            </method>
          </methods>
          <lines>
            <line number="13" hits="0" branch="false" />
            <line number="14" hits="0" branch="false" />
            <line number="15" hits="0" branch="false" />
          </lines>
        </class>
        <class name="Core.Models.ExerciseList" filename="C:\Users\baske\Desktop\Programmering\Test\Test\Core\Models\ExerciseList.cs" line-rate="0.142857142857143" branch-rate="1" complexity="7">
          <methods>
            <method name="get_Id" signature="()" line-rate="0" branch-rate="1" complexity="1">
              <lines>
                <line number="14" hits="0" branch="false" />
              </lines>
            </method>
            <method name="get_Name" signature="()" line-rate="1" branch-rate="1" complexity="1">
              <lines>
                <line number="17" hits="552" branch="false" />
              </lines>
            </method>
            <method name="get_Type" signature="()" line-rate="0" branch-rate="1" complexity="1">
              <lines>
                <line number="19" hits="0" branch="false" />
              </lines>
            </method>
            <method name="get_Muscle" signature="()" line-rate="0" branch-rate="1" complexity="1">
              <lines>
                <line number="21" hits="0" branch="false" />
              </lines>
            </method>
            <method name="get_Equipment" signature="()" line-rate="0" branch-rate="1" complexity="1">
              <lines>
                <line number="23" hits="0" branch="false" />
              </lines>
            </method>
            <method name="get_Difficulty" signature="()" line-rate="0" branch-rate="1" complexity="1">
              <lines>
                <line number="25" hits="0" branch="false" />
              </lines>
            </method>
            <method name="get_Instructions" signature="()" line-rate="0" branch-rate="1" complexity="1">
              <lines>
                <line number="27" hits="0" branch="false" />
              </lines>
            </method>
          </methods>
          <lines>
            <line number="14" hits="0" branch="false" />
            <line number="17" hits="552" branch="false" />
            <line number="19" hits="0" branch="false" />
            <line number="21" hits="0" branch="false" />
            <line number="23" hits="0" branch="false" />
            <line number="25" hits="0" branch="false" />
            <line number="27" hits="0" branch="false" />
          </lines>
        </class>
        <class name="Core.Models.ExercisesAPI" filename="C:\Users\baske\Desktop\Programmering\Test\Test\Core\Models\ExcercisesAPI.cs" line-rate="0.2" branch-rate="1" complexity="10">
          <methods>
            <method name="get_Id" signature="()" line-rate="1" branch-rate="1" complexity="1">
              <lines>
                <line number="16" hits="3" branch="false" />
              </lines>
            </method>
            <method name="get_WorkoutId" signature="()" line-rate="0" branch-rate="1" complexity="1">
              <lines>
                <line number="17" hits="0" branch="false" />
              </lines>
            </method>
            <method name="get_Name" signature="()" line-rate="1" branch-rate="1" complexity="1">
              <lines>
                <line number="20" hits="20" branch="false" />
              </lines>
            </method>
            <method name="get_Type" signature="()" line-rate="0" branch-rate="1" complexity="1">
              <lines>
                <line number="22" hits="0" branch="false" />
              </lines>
            </method>
            <method name="get_Muscle" signature="()" line-rate="0" branch-rate="1" complexity="1">
              <lines>
                <line number="24" hits="0" branch="false" />
              </lines>
            </method>
            <method name="get_Equipment" signature="()" line-rate="0" branch-rate="1" complexity="1">
              <lines>
                <line number="26" hits="0" branch="false" />
              </lines>
            </method>
            <method name="get_Difficulty" signature="()" line-rate="0" branch-rate="1" complexity="1">
              <lines>
                <line number="28" hits="0" branch="false" />
              </lines>
            </method>
            <method name="get_Instructions" signature="()" line-rate="0" branch-rate="1" complexity="1">
              <lines>
                <line number="30" hits="0" branch="false" />
              </lines>
            </method>
            <method name="get_Sets" signature="()" line-rate="0" branch-rate="1" complexity="1">
              <lines>
                <line number="31" hits="0" branch="false" />
              </lines>
            </method>
            <method name="get_Repetitions" signature="()" line-rate="0" branch-rate="1" complexity="1">
              <lines>
                <line number="32" hits="0" branch="false" />
              </lines>
            </method>
          </methods>
          <lines>
            <line number="16" hits="3" branch="false" />
            <line number="17" hits="0" branch="false" />
            <line number="20" hits="20" branch="false" />
            <line number="22" hits="0" branch="false" />
            <line number="24" hits="0" branch="false" />
            <line number="26" hits="0" branch="false" />
            <line number="28" hits="0" branch="false" />
            <line number="30" hits="0" branch="false" />
            <line number="31" hits="0" branch="false" />
            <line number="32" hits="0" branch="false" />
          </lines>
        </class>
        <class name="Core.Models.Nutrition" filename="C:\Users\baske\Desktop\Programmering\Test\Test\Core\Models\Nutrition.cs" line-rate="0" branch-rate="1" complexity="13">
          <methods>
            <method name="get_Name" signature="()" line-rate="0" branch-rate="1" complexity="1">
              <lines>
                <line number="16" hits="0" branch="false" />
              </lines>
            </method>
            <method name="get_Calories" signature="()" line-rate="0" branch-rate="1" complexity="1">
              <lines>
                <line number="18" hits="0" branch="false" />
              </lines>
            </method>
            <method name="get_ServingSizePerGram" signature="()" line-rate="0" branch-rate="1" complexity="1">
              <lines>
                <line number="20" hits="0" branch="false" />
              </lines>
            </method>
            <method name="get_FatTotalGram" signature="()" line-rate="0" branch-rate="1" complexity="1">
              <lines>
                <line number="22" hits="0" branch="false" />
              </lines>
            </method>
            <method name="get_SaturatedGram" signature="()" line-rate="0" branch-rate="1" complexity="1">
              <lines>
                <line number="24" hits="0" branch="false" />
              </lines>
            </method>
            <method name="get_ProteinGram" signature="()" line-rate="0" branch-rate="1" complexity="1">
              <lines>
                <line number="26" hits="0" branch="false" />
              </lines>
            </method>
            <method name="get_SodiumMilligram" signature="()" line-rate="0" branch-rate="1" complexity="1">
              <lines>
                <line number="28" hits="0" branch="false" />
              </lines>
            </method>
            <method name="get_PotassiumMilligram" signature="()" line-rate="0" branch-rate="1" complexity="1">
              <lines>
                <line number="30" hits="0" branch="false" />
              </lines>
            </method>
            <method name="get_Cholesterol" signature="()" line-rate="0" branch-rate="1" complexity="1">
              <lines>
                <line number="32" hits="0" branch="false" />
              </lines>
            </method>
            <method name="get_CarbohydratesPerGram" signature="()" line-rate="0" branch-rate="1" complexity="1">
              <lines>
                <line number="34" hits="0" branch="false" />
              </lines>
            </method>
            <method name="get_FiberPerGram" signature="()" line-rate="0" branch-rate="1" complexity="1">
              <lines>
                <line number="36" hits="0" branch="false" />
              </lines>
            </method>
            <method name="get_Sugar" signature="()" line-rate="0" branch-rate="1" complexity="1">
              <lines>
                <line number="38" hits="0" branch="false" />
              </lines>
            </method>
            <method name=".ctor" signature="()" line-rate="0" branch-rate="1" complexity="1">
              <lines>
                <line number="14" hits="0" branch="false" />
              </lines>
            </method>
          </methods>
          <lines>
            <line number="14" hits="0" branch="false" />
            <line number="16" hits="0" branch="false" />
            <line number="18" hits="0" branch="false" />
            <line number="20" hits="0" branch="false" />
            <line number="22" hits="0" branch="false" />
            <line number="24" hits="0" branch="false" />
            <line number="26" hits="0" branch="false" />
            <line number="28" hits="0" branch="false" />
            <line number="30" hits="0" branch="false" />
            <line number="32" hits="0" branch="false" />
            <line number="34" hits="0" branch="false" />
            <line number="36" hits="0" branch="false" />
            <line number="38" hits="0" branch="false" />
          </lines>
        </class>
        <class name="Core.Models.Schedule" filename="C:\Users\baske\Desktop\Programmering\Test\Test\Core\Models\Schedule.cs" line-rate="1" branch-rate="1" complexity="2">
          <methods>
            <method name="get_Id" signature="()" line-rate="1" branch-rate="1" complexity="1">
              <lines>
                <line number="11" hits="4" branch="false" />
              </lines>
            </method>
            <method name="get_UserId" signature="()" line-rate="1" branch-rate="1" complexity="1">
              <lines>
                <line number="12" hits="8" branch="false" />
              </lines>
            </method>
          </methods>
          <lines>
            <line number="11" hits="4" branch="false" />
            <line number="12" hits="8" branch="false" />
          </lines>
        </class>
        <class name="Core.Models.Workout" filename="C:\Users\baske\Desktop\Programmering\Test\Test\Core\Models\Workout.cs" line-rate="0.571428571428571" branch-rate="1" complexity="7">
          <methods>
            <method name="get_Id" signature="()" line-rate="1" branch-rate="1" complexity="1">
              <lines>
                <line number="14" hits="2" branch="false" />
              </lines>
            </method>
            <method name="get_ScheduleId" signature="()" line-rate="1" branch-rate="1" complexity="1">
              <lines>
                <line number="15" hits="2" branch="false" />
              </lines>
            </method>
            <method name="get_UserId" signature="()" line-rate="1" branch-rate="1" complexity="1">
              <lines>
                <line number="16" hits="1" branch="false" />
              </lines>
            </method>
            <method name="get_Date" signature="()" line-rate="0" branch-rate="1" complexity="1">
              <lines>
                <line number="17" hits="0" branch="false" />
              </lines>
            </method>
            <method name="get_Title" signature="()" line-rate="1" branch-rate="1" complexity="1">
              <lines>
                <line number="18" hits="18" branch="false" />
              </lines>
            </method>
            <method name="get_Description" signature="()" line-rate="0" branch-rate="1" complexity="1">
              <lines>
                <line number="19" hits="0" branch="false" />
              </lines>
            </method>
            <method name="get_Exercises" signature="()" line-rate="0" branch-rate="1" complexity="1">
              <lines>
                <line number="20" hits="0" branch="false" />
              </lines>
            </method>
          </methods>
          <lines>
            <line number="14" hits="2" branch="false" />
            <line number="15" hits="2" branch="false" />
            <line number="16" hits="1" branch="false" />
            <line number="17" hits="0" branch="false" />
            <line number="18" hits="18" branch="false" />
            <line number="19" hits="0" branch="false" />
            <line number="20" hits="0" branch="false" />
          </lines>
        </class>
      </classes>
    </package>
    <package name="Infrastructure" line-rate="0.850877192982456" branch-rate="0.714285714285714" complexity="45">
      <classes>
        <class name="Infrastructure.Data.ApplicationDbContext" filename="C:\Users\baske\Desktop\Programmering\Test\Test\Library\Data\ApplicationDbContext.cs" line-rate="0.8125" branch-rate="0.5" complexity="8">
          <methods>
            <method name="get_Workouts" signature="()" line-rate="1" branch-rate="1" complexity="1">
              <lines>
                <line number="11" hits="28" branch="false" />
              </lines>
            </method>
            <method name="get_ExercisesAPIs" signature="()" line-rate="1" branch-rate="1" complexity="1">
              <lines>
                <line number="12" hits="23" branch="false" />
              </lines>
            </method>
            <method name="get_Schedules" signature="()" line-rate="1" branch-rate="1" complexity="1">
              <lines>
                <line number="13" hits="25" branch="false" />
              </lines>
            </method>
            <method name="get_Nutritions" signature="()" line-rate="1" branch-rate="1" complexity="1">
              <lines>
                <line number="14" hits="16" branch="false" />
              </lines>
            </method>
            <method name="get_ExerciseLists" signature="()" line-rate="1" branch-rate="1" complexity="1">
              <lines>
                <line number="15" hits="18" branch="false" />
              </lines>
            </method>
            <method name="OnModelCreating" signature="(...)" line-rate="0.571428571428571" branch-rate="0.5" complexity="2">
              <lines>
                <line number="22" hits="1" branch="false" />
                <line number="23" hits="1" branch="false" />
                <line number="24" hits="1" branch="true" condition-coverage="50% (1/2)" />
                <line number="25" hits="0" branch="false" />
                <line number="26" hits="0" branch="false" />
                <line number="27" hits="0" branch="false" />
                <line number="28" hits="1" branch="false" />
              </lines>
            </method>
            <method name=".ctor" signature="(...)" line-rate="1" branch-rate="1" complexity="1">
              <lines>
                <line number="17" hits="16" branch="false" />
                <line number="18" hits="16" branch="false" />
                <line number="19" hits="16" branch="false" />
                <line number="20" hits="16" branch="false" />
              </lines>
            </method>
          </methods>
          <lines>
            <line number="11" hits="28" branch="false" />
            <line number="12" hits="23" branch="false" />
            <line number="13" hits="25" branch="false" />
            <line number="14" hits="16" branch="false" />
            <line number="15" hits="18" branch="false" />
            <line number="17" hits="16" branch="false" />
            <line number="18" hits="16" branch="false" />
            <line number="19" hits="16" branch="false" />
            <line number="20" hits="16" branch="false" />
            <line number="22" hits="1" branch="false" />
            <line number="23" hits="1" branch="false" />
            <line number="24" hits="1" branch="true" condition-coverage="50% (1/2)" />
            <line number="25" hits="0" branch="false" />
            <line number="26" hits="0" branch="false" />
            <line number="27" hits="0" branch="false" />
            <line number="28" hits="1" branch="false" />
          </lines>
        </class>
        <class name="Infrastructure.Services.ExerciseListService" filename="C:\Users\baske\Desktop\Programmering\Test\Test\Library\Services\ExerciseListService.cs" line-rate="1" branch-rate="1" complexity="3">
          <methods>
            <method name="GetAllExerciseLists" signature="()" line-rate="1" branch-rate="1" complexity="1">
              <lines>
                <line number="20" hits="2" branch="false" />
              </lines>
            </method>
            <method name="GetExerciseListByName" signature="(...)" line-rate="1" branch-rate="1" complexity="1">
              <lines>
                <line number="22" hits="552" branch="false" />
              </lines>
            </method>
            <method name=".ctor" signature="(...)" line-rate="1" branch-rate="1" complexity="1">
              <lines>
                <line number="15" hits="2" branch="false" />
                <line number="16" hits="2" branch="false" />
                <line number="17" hits="2" branch="false" />
                <line number="18" hits="2" branch="false" />
              </lines>
            </method>
          </methods>
          <lines>
            <line number="15" hits="2" branch="false" />
            <line number="16" hits="2" branch="false" />
            <line number="17" hits="2" branch="false" />
            <line number="18" hits="2" branch="false" />
            <line number="20" hits="2" branch="false" />
            <line number="22" hits="552" branch="false" />
          </lines>
        </class>
        <class name="Infrastructure.Services.ExerciseService" filename="C:\Users\baske\Desktop\Programmering\Test\Test\Library\Services\ExerciseService.cs" line-rate="0.941176470588235" branch-rate="0.5" complexity="8">
          <methods>
            <method name="GetAllExercisesAPIs" signature="()" line-rate="1" branch-rate="1" complexity="1">
              <lines>
                <line number="23" hits="2" branch="false" />
              </lines>
            </method>
            <method name="GetExerciseById" signature="(...)" line-rate="1" branch-rate="1" complexity="1">
              <lines>
                <line number="27" hits="3" branch="false" />
              </lines>
            </method>
            <method name="AddExercise" signature="(...)" line-rate="1" branch-rate="1" complexity="1">
              <lines>
                <line number="30" hits="1" branch="false" />
                <line number="31" hits="1" branch="false" />
                <line number="32" hits="1" branch="false" />
                <line number="34" hits="1" branch="false" />
              </lines>
            </method>
            <method name="RemoveExerciseById" signature="(...)" line-rate="1" branch-rate="0.5" complexity="2">
              <lines>
                <line number="37" hits="1" branch="false" />
                <line number="38" hits="1" branch="false" />
                <line number="40" hits="1" branch="false" />
                <line number="41" hits="1" branch="true" condition-coverage="50% (1/2)" />
                <line number="42" hits="1" branch="false" />
              </lines>
            </method>
            <method name="GetExercisesByWorkoutId" signature="(...)" line-rate="0" branch-rate="1" complexity="1">
              <lines>
                <line number="45" hits="0" branch="false" />
              </lines>
            </method>
            <method name="GetByWorkoutName" signature="(...)" line-rate="1" branch-rate="1" complexity="1">
              <lines>
                <line number="48" hits="1" branch="false" />
              </lines>
            </method>
            <method name=".ctor" signature="(...)" line-rate="1" branch-rate="1" complexity="1">
              <lines>
                <line number="16" hits="3" branch="false" />
                <line number="17" hits="3" branch="false" />
                <line number="18" hits="3" branch="false" />
                <line number="19" hits="3" branch="false" />
              </lines>
            </method>
          </methods>
          <lines>
            <line number="16" hits="3" branch="false" />
            <line number="17" hits="3" branch="false" />
            <line number="18" hits="3" branch="false" />
            <line number="19" hits="3" branch="false" />
            <line number="23" hits="2" branch="false" />
            <line number="27" hits="3" branch="false" />
            <line number="30" hits="1" branch="false" />
            <line number="31" hits="1" branch="false" />
            <line number="32" hits="1" branch="false" />
            <line number="34" hits="1" branch="false" />
            <line number="37" hits="1" branch="false" />
            <line number="38" hits="1" branch="false" />
            <line number="40" hits="1" branch="false" />
            <line number="41" hits="1" branch="true" condition-coverage="50% (1/2)" />
            <line number="42" hits="1" branch="false" />
            <line number="45" hits="0" branch="false" />
            <line number="48" hits="1" branch="false" />
          </lines>
        </class>
        <class name="Infrastructure.Services.ScheduleService" filename="C:\Users\baske\Desktop\Programmering\Test\Test\Library\Services\ScheduleService.cs" line-rate="0.964285714285714" branch-rate="1" complexity="9">
          <methods>
            <method name="GetAllSchedules" signature="()" line-rate="0" branch-rate="1" complexity="1">
              <lines>
                <line number="23" hits="0" branch="false" />
              </lines>
            </method>
            <method name="AddSchedule" signature="(...)" line-rate="1" branch-rate="1" complexity="2">
              <lines>
                <line number="26" hits="1" branch="false" />
                <line number="28" hits="1" branch="true" condition-coverage="100% (2/2)" />
                <line number="29" hits="1" branch="false" />
                <line number="30" hits="1" branch="false" />
                <line number="31" hits="1" branch="false" />
                <line number="32" hits="1" branch="false" />
                <line number="34" hits="1" branch="false" />
              </lines>
            </method>
            <method name="GetScheduleById" signature="(...)" line-rate="1" branch-rate="1" complexity="1">
              <lines>
                <line number="36" hits="2" branch="false" />
              </lines>
            </method>
            <method name="UpdateSchedule" signature="(...)" line-rate="1" branch-rate="1" complexity="2">
              <lines>
                <line number="39" hits="1" branch="false" />
                <line number="40" hits="1" branch="false" />
                <line number="42" hits="1" branch="true" condition-coverage="100% (2/2)" />
                <line number="43" hits="1" branch="false" />
                <line number="44" hits="1" branch="false" />
                <line number="45" hits="1" branch="false" />
                <line number="46" hits="1" branch="false" />
                <line number="47" hits="1" branch="false" />
                <line number="48" hits="1" branch="false" />
              </lines>
            </method>
            <method name="DeleteScheduleByScheduleId" signature="(...)" line-rate="1" branch-rate="1" complexity="1">
              <lines>
                <line number="50" hits="1" branch="false" />
                <line number="51" hits="1" branch="false" />
                <line number="53" hits="1" branch="false" />
                <line number="54" hits="1" branch="false" />
                <line number="55" hits="1" branch="false" />
              </lines>
            </method>
            <method name="GetScheduleByUserId" signature="(...)" line-rate="1" branch-rate="1" complexity="1">
              <lines>
                <line number="59" hits="4" branch="false" />
              </lines>
            </method>
            <method name=".ctor" signature="(...)" line-rate="1" branch-rate="1" complexity="1">
              <lines>
                <line number="16" hits="4" branch="false" />
                <line number="17" hits="4" branch="false" />
                <line number="18" hits="4" branch="false" />
                <line number="19" hits="4" branch="false" />
              </lines>
            </method>
          </methods>
          <lines>
            <line number="16" hits="4" branch="false" />
            <line number="17" hits="4" branch="false" />
            <line number="18" hits="4" branch="false" />
            <line number="19" hits="4" branch="false" />
            <line number="23" hits="0" branch="false" />
            <line number="26" hits="1" branch="false" />
            <line number="28" hits="1" branch="true" condition-coverage="100% (2/2)" />
            <line number="29" hits="1" branch="false" />
            <line number="30" hits="1" branch="false" />
            <line number="31" hits="1" branch="false" />
            <line number="32" hits="1" branch="false" />
            <line number="34" hits="1" branch="false" />
            <line number="36" hits="2" branch="false" />
            <line number="39" hits="1" branch="false" />
            <line number="40" hits="1" branch="false" />
            <line number="42" hits="1" branch="true" condition-coverage="100% (2/2)" />
            <line number="43" hits="1" branch="false" />
            <line number="44" hits="1" branch="false" />
            <line number="45" hits="1" branch="false" />
            <line number="46" hits="1" branch="false" />
            <line number="47" hits="1" branch="false" />
            <line number="48" hits="1" branch="false" />
            <line number="50" hits="1" branch="false" />
            <line number="51" hits="1" branch="false" />
            <line number="53" hits="1" branch="false" />
            <line number="54" hits="1" branch="false" />
            <line number="55" hits="1" branch="false" />
            <line number="59" hits="4" branch="false" />
          </lines>
        </class>
        <class name="Infrastructure.Services.WorkoutService" filename="C:\Users\baske\Desktop\Programmering\Test\Test\Library\Services\WorkoutService.cs" line-rate="0.74468085106383" branch-rate="0.666666666666667" complexity="17">
          <methods>
            <method name="AddWorkout" signature="(...)" line-rate="1" branch-rate="1" complexity="2">
              <lines>
                <line number="22" hits="1" branch="false" />
                <line number="23" hits="1" branch="true" condition-coverage="100% (2/2)" />
                <line number="24" hits="1" branch="false" />
                <line number="25" hits="1" branch="false" />
                <line number="26" hits="1" branch="false" />
                <line number="27" hits="1" branch="false" />
                <line number="28" hits="1" branch="false" />
              </lines>
            </method>
            <method name="UpdateWorkout" signature="(...)" line-rate="1" branch-rate="1" complexity="1">
              <lines>
                <line number="31" hits="1" branch="false" />
                <line number="32" hits="1" branch="false" />
                <line number="33" hits="1" branch="false" />
                <line number="34" hits="1" branch="false" />
              </lines>
            </method>
            <method name="DeleteEmptyWorkout" signature="()" line-rate="0" branch-rate="0" complexity="2">
              <lines>
                <line number="37" hits="0" branch="false" />
                <line number="38" hits="0" branch="false" />
                <line number="40" hits="0" branch="true" condition-coverage="0% (0/2)" />
                <line number="41" hits="0" branch="false" />
                <line number="42" hits="0" branch="false" />
                <line number="43" hits="0" branch="false" />
                <line number="44" hits="0" branch="false" />
                <line number="45" hits="0" branch="false" />
              </lines>
            </method>
            <method name="UpdateWorkoutScheduleIDToNull" signature="(...)" line-rate="1" branch-rate="1" complexity="2">
              <lines>
                <line number="48" hits="1" branch="false" />
                <line number="49" hits="1" branch="false" />
                <line number="51" hits="1" branch="true" condition-coverage="100% (2/2)" />
                <line number="52" hits="1" branch="false" />
                <line number="53" hits="1" branch="false" />
                <line number="55" hits="1" branch="false" />
                <line number="56" hits="1" branch="false" />
                <line number="57" hits="1" branch="false" />
                <line number="58" hits="1" branch="false" />
              </lines>
            </method>
            <method name="DeleteWorkoutById" signature="(...)" line-rate="1" branch-rate="1" complexity="1">
              <lines>
                <line number="61" hits="1" branch="false" />
                <line number="62" hits="1" branch="false" />
                <line number="63" hits="1" branch="false" />
                <line number="64" hits="1" branch="false" />
              </lines>
            </method>
            <method name="Exists" signature="(...)" line-rate="1" branch-rate="1" complexity="1">
              <lines>
                <line number="67" hits="1" branch="false" />
                <line number="68" hits="1" branch="false" />
                <line number="69" hits="1" branch="false" />
                <line number="70" hits="1" branch="false" />
              </lines>
            </method>
            <method name="GetAllWorkouts" signature="()" line-rate="1" branch-rate="1" complexity="1">
              <lines>
                <line number="73" hits="1" branch="false" />
              </lines>
            </method>
            <method name="GetWorkoutByTitle" signature="(...)" line-rate="1" branch-rate="1" complexity="1">
              <lines>
                <line number="76" hits="7" branch="false" />
              </lines>
            </method>
            <method name="GetWorkoutsByUserId" signature="(...)" line-rate="0" branch-rate="1" complexity="1">
              <lines>
                <line number="78" hits="0" branch="false" />
              </lines>
            </method>
            <method name="GetWorkoutsByTitle" signature="(...)" line-rate="0" branch-rate="1" complexity="1">
              <lines>
                <line number="81" hits="0" branch="false" />
              </lines>
            </method>
            <method name="GetWorkoutsByScheduleId" signature="(...)" line-rate="0" branch-rate="1" complexity="1">
              <lines>
                <line number="84" hits="0" branch="false" />
              </lines>
            </method>
            <method name="GetWorkoutByTitle" signature="(...)" line-rate="0" branch-rate="1" complexity="1">
              <lines>
                <line number="87" hits="0" branch="false" />
              </lines>
            </method>
            <method name="GetWorkoutByID" signature="(...)" line-rate="1" branch-rate="1" complexity="1">
              <lines>
                <line number="90" hits="2" branch="false" />
              </lines>
            </method>
            <method name=".ctor" signature="(...)" line-rate="1" branch-rate="1" complexity="1">
              <lines>
                <line number="17" hits="6" branch="false" />
                <line number="18" hits="6" branch="false" />
                <line number="19" hits="6" branch="false" />
                <line number="20" hits="6" branch="false" />
              </lines>
            </method>
          </methods>
          <lines>
            <line number="17" hits="6" branch="false" />
            <line number="18" hits="6" branch="false" />
            <line number="19" hits="6" branch="false" />
            <line number="20" hits="6" branch="false" />
            <line number="22" hits="1" branch="false" />
            <line number="23" hits="1" branch="true" condition-coverage="100% (2/2)" />
            <line number="24" hits="1" branch="false" />
            <line number="25" hits="1" branch="false" />
            <line number="26" hits="1" branch="false" />
            <line number="27" hits="1" branch="false" />
            <line number="28" hits="1" branch="false" />
            <line number="31" hits="1" branch="false" />
            <line number="32" hits="1" branch="false" />
            <line number="33" hits="1" branch="false" />
            <line number="34" hits="1" branch="false" />
            <line number="37" hits="0" branch="false" />
            <line number="38" hits="0" branch="false" />
            <line number="40" hits="0" branch="true" condition-coverage="0% (0/2)" />
            <line number="41" hits="0" branch="false" />
            <line number="42" hits="0" branch="false" />
            <line number="43" hits="0" branch="false" />
            <line number="44" hits="0" branch="false" />
            <line number="45" hits="0" branch="false" />
            <line number="48" hits="1" branch="false" />
            <line number="49" hits="1" branch="false" />
            <line number="51" hits="1" branch="true" condition-coverage="100% (2/2)" />
            <line number="52" hits="1" branch="false" />
            <line number="53" hits="1" branch="false" />
            <line number="55" hits="1" branch="false" />
            <line number="56" hits="1" branch="false" />
            <line number="57" hits="1" branch="false" />
            <line number="58" hits="1" branch="false" />
            <line number="61" hits="1" branch="false" />
            <line number="62" hits="1" branch="false" />
            <line number="63" hits="1" branch="false" />
            <line number="64" hits="1" branch="false" />
            <line number="67" hits="1" branch="false" />
            <line number="68" hits="1" branch="false" />
            <line number="69" hits="1" branch="false" />
            <line number="70" hits="1" branch="false" />
            <line number="73" hits="1" branch="false" />
            <line number="76" hits="7" branch="false" />
            <line number="78" hits="0" branch="false" />
            <line number="81" hits="0" branch="false" />
            <line number="84" hits="0" branch="false" />
            <line number="87" hits="0" branch="false" />
            <line number="90" hits="2" branch="false" />
          </lines>
        </class>
      </classes>
    </package>
    <package name="WorkoutApp.Tests" line-rate="0.992957746478873" branch-rate="1" complexity="35">
      <classes>
        <class name="AutoGeneratedProgram" filename="C:\Users\baske\.nuget\packages\microsoft.net.test.sdk\17.5.0\build\netcoreapp3.1\Microsoft.NET.Test.Sdk.Program.cs" line-rate="0" branch-rate="1" complexity="1">
          <methods>
            <method name="Main" signature="(...)" line-rate="0" branch-rate="1" complexity="1">
              <lines>
                <line number="4" hits="0" branch="false" />
              </lines>
            </method>
          </methods>
          <lines>
            <line number="4" hits="0" branch="false" />
          </lines>
        </class>
        <class name="WorkoutApp.Tests.AlphabeticalOrderer" filename="C:\Users\baske\Desktop\Programmering\Test\Test\WorkoutApp.Tests\AlphabeticalOrderer.cs" line-rate="1" branch-rate="1" complexity="2">
          <methods>
            <method name="OrderTestCases" signature="(...)" line-rate="1" branch-rate="1" complexity="2">
              <lines>
                <line number="10" hits="12" branch="true" condition-coverage="100% (2/2)" />
              </lines>
            </method>
          </methods>
          <lines>
            <line number="10" hits="12" branch="true" condition-coverage="100% (2/2)" />
          </lines>
        </class>
        <class name="WorkoutApp.Tests.ExerciseListTests" filename="C:\Users\baske\Desktop\Programmering\Test\Test\WorkoutApp.Tests\ExerciseListTests.cs" line-rate="1" branch-rate="1" complexity="5">
          <methods>
            <method name="get__exerciseListService" signature="()" line-rate="1" branch-rate="1" complexity="1">
              <lines>
                <line number="13" hits="4" branch="false" />
              </lines>
            </method>
            <method name="get_Fixture" signature="()" line-rate="1" branch-rate="1" complexity="1">
              <lines>
                <line number="23" hits="2" branch="false" />
              </lines>
            </method>
            <method name="GetAllExerciseListsShouldReturnCorrectAmountOfExercises" signature="()" line-rate="1" branch-rate="1" complexity="1">
              <lines>
                <line number="27" hits="1" branch="false" />
                <line number="31" hits="1" branch="false" />
                <line number="34" hits="1" branch="false" />
                <line number="35" hits="1" branch="false" />
              </lines>
            </method>
            <method name="GetExerciseListByNameShouldReturnCorrectExercise" signature="()" line-rate="1" branch-rate="1" complexity="1">
              <lines>
                <line number="38" hits="1" branch="false" />
                <line number="41" hits="1" branch="false" />
                <line number="44" hits="1" branch="false" />
                <line number="47" hits="1" branch="false" />
                <line number="48" hits="1" branch="false" />
                <line number="49" hits="1" branch="false" />
              </lines>
            </method>
            <method name=".ctor" signature="(...)" line-rate="1" branch-rate="1" complexity="1">
              <lines>
                <line number="14" hits="2" branch="false" />
                <line number="15" hits="2" branch="false" />
                <line number="16" hits="2" branch="false" />
                <line number="18" hits="2" branch="false" />
                <line number="20" hits="2" branch="false" />
                <line number="21" hits="2" branch="false" />
              </lines>
            </method>
          </methods>
          <lines>
            <line number="13" hits="4" branch="false" />
            <line number="14" hits="2" branch="false" />
            <line number="15" hits="2" branch="false" />
            <line number="16" hits="2" branch="false" />
            <line number="18" hits="2" branch="false" />
            <line number="20" hits="2" branch="false" />
            <line number="21" hits="2" branch="false" />
            <line number="23" hits="2" branch="false" />
            <line number="27" hits="1" branch="false" />
            <line number="31" hits="1" branch="false" />
            <line number="34" hits="1" branch="false" />
            <line number="35" hits="1" branch="false" />
            <line number="38" hits="1" branch="false" />
            <line number="41" hits="1" branch="false" />
            <line number="44" hits="1" branch="false" />
            <line number="47" hits="1" branch="false" />
            <line number="48" hits="1" branch="false" />
            <line number="49" hits="1" branch="false" />
          </lines>
        </class>
        <class name="WorkoutApp.Tests.ExerciseTests" filename="C:\Users\baske\Desktop\Programmering\Test\Test\WorkoutApp.Tests\ExerciseTests.cs" line-rate="1" branch-rate="1" complexity="6">
          <methods>
            <method name="get__exerciseService" signature="()" line-rate="1" branch-rate="1" complexity="1">
              <lines>
                <line number="10" hits="10" branch="false" />
              </lines>
            </method>
            <method name="get_Fixture" signature="()" line-rate="1" branch-rate="1" complexity="1">
              <lines>
                <line number="18" hits="3" branch="false" />
              </lines>
            </method>
            <method name="T1AddExerciseShouldReturnAddedExerciseName" signature="()" line-rate="1" branch-rate="1" complexity="1">
              <lines>
                <line number="22" hits="1" branch="false" />
                <line number="26" hits="1" branch="false" />
                <line number="28" hits="1" branch="false" />
                <line number="29" hits="1" branch="false" />
                <line number="32" hits="1" branch="false" />
                <line number="33" hits="1" branch="false" />
              </lines>
            </method>
            <method name="T2GetExerciseByIdShouldReturnNotNullForValidId" signature="()" line-rate="1" branch-rate="1" complexity="1">
              <lines>
                <line number="37" hits="1" branch="false" />
                <line number="40" hits="10" branch="false" />
                <line number="42" hits="1" branch="false" />
                <line number="45" hits="1" branch="false" />
                <line number="46" hits="1" branch="false" />
              </lines>
            </method>
            <method name="T3RemoveExerciseByIdFromDatabaseShouldReturnNullAfterRemoval" signature="()" line-rate="1" branch-rate="1" complexity="1">
              <lines>
                <line number="50" hits="1" branch="false" />
                <line number="53" hits="10" branch="false" />
                <line number="56" hits="1" branch="false" />
                <line number="58" hits="1" branch="false" />
                <line number="60" hits="1" branch="false" />
                <line number="61" hits="1" branch="false" />
              </lines>
            </method>
            <method name=".ctor" signature="(...)" line-rate="1" branch-rate="1" complexity="1">
              <lines>
                <line number="9" hits="3" branch="false" />
                <line number="10" hits="10" branch="false" />
                <line number="11" hits="3" branch="false" />
                <line number="12" hits="3" branch="false" />
                <line number="13" hits="3" branch="false" />
                <line number="14" hits="3" branch="false" />
                <line number="15" hits="3" branch="false" />
                <line number="16" hits="3" branch="false" />
              </lines>
            </method>
          </methods>
          <lines>
            <line number="9" hits="3" branch="false" />
            <line number="10" hits="10" branch="false" />
            <line number="11" hits="3" branch="false" />
            <line number="12" hits="3" branch="false" />
            <line number="13" hits="3" branch="false" />
            <line number="14" hits="3" branch="false" />
            <line number="15" hits="3" branch="false" />
            <line number="16" hits="3" branch="false" />
            <line number="18" hits="3" branch="false" />
            <line number="22" hits="1" branch="false" />
            <line number="26" hits="1" branch="false" />
            <line number="28" hits="1" branch="false" />
            <line number="29" hits="1" branch="false" />
            <line number="32" hits="1" branch="false" />
            <line number="33" hits="1" branch="false" />
            <line number="37" hits="1" branch="false" />
            <line number="40" hits="10" branch="false" />
            <line number="42" hits="1" branch="false" />
            <line number="45" hits="1" branch="false" />
            <line number="46" hits="1" branch="false" />
            <line number="50" hits="1" branch="false" />
            <line number="53" hits="10" branch="false" />
            <line number="56" hits="1" branch="false" />
            <line number="58" hits="1" branch="false" />
            <line number="60" hits="1" branch="false" />
            <line number="61" hits="1" branch="false" />
          </lines>
        </class>
        <class name="WorkoutApp.Tests.ScheduleTests" filename="C:\Users\baske\Desktop\Programmering\Test\Test\WorkoutApp.Tests\ScheduleTests.cs" line-rate="1" branch-rate="1" complexity="8">
          <methods>
            <method name="get__schedule" signature="()" line-rate="1" branch-rate="1" complexity="1">
              <lines>
                <line number="13" hits="17" branch="false" />
              </lines>
            </method>
            <method name="get__scheduleService" signature="()" line-rate="1" branch-rate="1" complexity="1">
              <lines>
                <line number="15" hits="12" branch="false" />
              </lines>
            </method>
            <method name="get_Fixture" signature="()" line-rate="1" branch-rate="1" complexity="1">
              <lines>
                <line number="30" hits="4" branch="false" />
              </lines>
            </method>
            <method name="T1AddScheduleShouldReturnAddedScheduleId" signature="()" line-rate="1" branch-rate="1" complexity="1">
              <lines>
                <line number="34" hits="1" branch="false" />
                <line number="37" hits="1" branch="false" />
                <line number="39" hits="1" branch="false" />
                <line number="42" hits="1" branch="false" />
                <line number="43" hits="1" branch="false" />
              </lines>
            </method>
            <method name="T2GetLastScheduleInDatabaseShouldReturnTestUserId" signature="()" line-rate="1" branch-rate="1" complexity="1">
              <lines>
                <line number="46" hits="1" branch="false" />
                <line number="50" hits="1" branch="false" />
                <line number="53" hits="1" branch="false" />
                <line number="54" hits="1" branch="false" />
              </lines>
            </method>
            <method name="T3UpdateScheduleShouldReturnNotNullSchedule" signature="()" line-rate="1" branch-rate="1" complexity="1">
              <lines>
                <line number="57" hits="1" branch="false" />
                <line number="61" hits="1" branch="false" />
                <line number="63" hits="1" branch="false" />
                <line number="66" hits="1" branch="false" />
                <line number="67" hits="1" branch="false" />
              </lines>
            </method>
            <method name="T4DeleteScheduleByScheduleIdShouldReturnNullAfterDeleted" signature="()" line-rate="1" branch-rate="1" complexity="1">
              <lines>
                <line number="70" hits="1" branch="false" />
                <line number="75" hits="1" branch="false" />
                <line number="78" hits="1" branch="false" />
                <line number="80" hits="1" branch="false" />
                <line number="84" hits="1" branch="false" />
                <line number="85" hits="1" branch="false" />
              </lines>
            </method>
            <method name=".ctor" signature="(...)" line-rate="1" branch-rate="1" complexity="1">
              <lines>
                <line number="17" hits="4" branch="false" />
                <line number="18" hits="4" branch="false" />
                <line number="19" hits="4" branch="false" />
                <line number="21" hits="4" branch="false" />
                <line number="22" hits="4" branch="false" />
                <line number="23" hits="4" branch="false" />
                <line number="24" hits="4" branch="false" />
                <line number="26" hits="4" branch="false" />
                <line number="28" hits="4" branch="false" />
                <line number="29" hits="4" branch="false" />
              </lines>
            </method>
          </methods>
          <lines>
            <line number="13" hits="17" branch="false" />
            <line number="15" hits="12" branch="false" />
            <line number="17" hits="4" branch="false" />
            <line number="18" hits="4" branch="false" />
            <line number="19" hits="4" branch="false" />
            <line number="21" hits="4" branch="false" />
            <line number="22" hits="4" branch="false" />
            <line number="23" hits="4" branch="false" />
            <line number="24" hits="4" branch="false" />
            <line number="26" hits="4" branch="false" />
            <line number="28" hits="4" branch="false" />
            <line number="29" hits="4" branch="false" />
            <line number="30" hits="4" branch="false" />
            <line number="34" hits="1" branch="false" />
            <line number="37" hits="1" branch="false" />
            <line number="39" hits="1" branch="false" />
            <line number="42" hits="1" branch="false" />
            <line number="43" hits="1" branch="false" />
            <line number="46" hits="1" branch="false" />
            <line number="50" hits="1" branch="false" />
            <line number="53" hits="1" branch="false" />
            <line number="54" hits="1" branch="false" />
            <line number="57" hits="1" branch="false" />
            <line number="61" hits="1" branch="false" />
            <line number="63" hits="1" branch="false" />
            <line number="66" hits="1" branch="false" />
            <line number="67" hits="1" branch="false" />
            <line number="70" hits="1" branch="false" />
            <line number="75" hits="1" branch="false" />
            <line number="78" hits="1" branch="false" />
            <line number="80" hits="1" branch="false" />
            <line number="84" hits="1" branch="false" />
            <line number="85" hits="1" branch="false" />
          </lines>
        </class>
        <class name="WorkoutApp.Tests.TestDatabaseFixture" filename="C:\Users\baske\Desktop\Programmering\Test\Test\WorkoutApp.Tests\TestDatabaseFixture.cs" line-rate="1" branch-rate="1" complexity="4">
          <methods>
            <method name="CreateContext" signature="()" line-rate="1" branch-rate="1" complexity="1">
              <lines>
                <line number="29" hits="16" branch="false" />
                <line number="30" hits="16" branch="false" />
                <line number="31" hits="16" branch="false" />
                <line number="32" hits="16" branch="false" />
              </lines>
            </method>
            <method name=".ctor" signature="()" line-rate="1" branch-rate="1" complexity="2">
              <lines>
                <line number="13" hits="4" branch="false" />
                <line number="14" hits="4" branch="false" />
                <line number="15" hits="4" branch="false" />
                <line number="16" hits="4" branch="false" />
                <line number="17" hits="4" branch="true" condition-coverage="100% (2/2)" />
                <line number="18" hits="1" branch="false" />
                <line number="19" hits="1" branch="false" />
                <line number="20" hits="1" branch="false" />
                <line number="22" hits="1" branch="false" />
                <line number="23" hits="1" branch="false" />
                <line number="24" hits="1" branch="false" />
                <line number="25" hits="4" branch="false" />
                <line number="26" hits="4" branch="false" />
              </lines>
            </method>
            <method name=".cctor" signature="()" line-rate="1" branch-rate="1" complexity="1">
              <lines>
                <line number="10" hits="1" branch="false" />
              </lines>
            </method>
          </methods>
          <lines>
            <line number="10" hits="1" branch="false" />
            <line number="13" hits="4" branch="false" />
            <line number="14" hits="4" branch="false" />
            <line number="15" hits="4" branch="false" />
            <line number="16" hits="4" branch="false" />
            <line number="17" hits="4" branch="true" condition-coverage="100% (2/2)" />
            <line number="18" hits="1" branch="false" />
            <line number="19" hits="1" branch="false" />
            <line number="20" hits="1" branch="false" />
            <line number="22" hits="1" branch="false" />
            <line number="23" hits="1" branch="false" />
            <line number="24" hits="1" branch="false" />
            <line number="25" hits="4" branch="false" />
            <line number="26" hits="4" branch="false" />
            <line number="29" hits="16" branch="false" />
            <line number="30" hits="16" branch="false" />
            <line number="31" hits="16" branch="false" />
            <line number="32" hits="16" branch="false" />
          </lines>
        </class>
        <class name="WorkoutApp.Tests.WorkoutServiceTest" filename="C:\Users\baske\Desktop\Programmering\Test\Test\WorkoutApp.Tests\WorkoutTests.cs" line-rate="1" branch-rate="1" complexity="9">
          <methods>
            <method name="get__workoutService" signature="()" line-rate="1" branch-rate="1" complexity="1">
              <lines>
                <line number="16" hits="20" branch="false" />
              </lines>
            </method>
            <method name="get_Fixture" signature="()" line-rate="1" branch-rate="1" complexity="1">
              <lines>
                <line number="25" hits="6" branch="false" />
              </lines>
            </method>
            <method name="T1AddWorkoutShouldReturnAddedWorkoutTitle" signature="()" line-rate="1" branch-rate="1" complexity="1">
              <lines>
                <line number="94" hits="1" branch="false" />
                <line number="98" hits="1" branch="false" />
                <line number="100" hits="1" branch="false" />
                <line number="102" hits="1" branch="false" />
                <line number="105" hits="1" branch="false" />
                <line number="106" hits="1" branch="false" />
              </lines>
            </method>
            <method name="T2ExistsTest" signature="()" line-rate="1" branch-rate="1" complexity="1">
              <lines>
                <line number="111" hits="1" branch="false" />
                <line number="113" hits="1" branch="false" />
                <line number="116" hits="1" branch="false" />
                <line number="119" hits="1" branch="false" />
                <line number="120" hits="1" branch="false" />
              </lines>
            </method>
            <method name="T3GetWorkoutByTitleShouldReturnWorkoutTitle" signature="()" line-rate="1" branch-rate="1" complexity="1">
              <lines>
                <line number="123" hits="1" branch="false" />
                <line number="127" hits="1" branch="false" />
                <line number="130" hits="1" branch="false" />
                <line number="131" hits="1" branch="false" />
              </lines>
            </method>
            <method name="T4UpdateWorkoutShouldReturnUpdatedWorkoutTitle" signature="()" line-rate="1" branch-rate="1" complexity="1">
              <lines>
                <line number="135" hits="1" branch="false" />
                <line number="137" hits="1" branch="false" />
                <line number="138" hits="1" branch="false" />
                <line number="139" hits="1" branch="false" />
                <line number="142" hits="1" branch="false" />
                <line number="143" hits="1" branch="false" />
                <line number="146" hits="1" branch="false" />
                <line number="147" hits="1" branch="false" />
              </lines>
            </method>
            <method name="T5UpdateWorkoutScheduleIDToNullShouldReturnNullAfterRemoval" signature="()" line-rate="1" branch-rate="1" complexity="1">
              <lines>
                <line number="151" hits="1" branch="false" />
                <line number="154" hits="1" branch="false" />
                <line number="157" hits="1" branch="false" />
                <line number="158" hits="1" branch="false" />
                <line number="161" hits="1" branch="false" />
                <line number="162" hits="1" branch="false" />
              </lines>
            </method>
            <method name="T6DeleteWorkoutByIdShouldRemoveWorkoutFromDatabase" signature="()" line-rate="1" branch-rate="1" complexity="1">
              <lines>
                <line number="166" hits="1" branch="false" />
                <line number="170" hits="13" branch="false" />
                <line number="171" hits="1" branch="false" />
                <line number="173" hits="1" branch="false" />
                <line number="175" hits="1" branch="false" />
                <line number="178" hits="1" branch="false" />
                <line number="179" hits="1" branch="false" />
              </lines>
            </method>
            <method name=".ctor" signature="(...)" line-rate="1" branch-rate="1" complexity="1">
              <lines>
                <line number="15" hits="6" branch="false" />
                <line number="16" hits="20" branch="false" />
                <line number="17" hits="6" branch="false" />
                <line number="18" hits="6" branch="false" />
                <line number="19" hits="6" branch="false" />
                <line number="20" hits="6" branch="false" />
                <line number="22" hits="6" branch="false" />
                <line number="23" hits="6" branch="false" />
              </lines>
            </method>
          </methods>
          <lines>
            <line number="15" hits="6" branch="false" />
            <line number="16" hits="20" branch="false" />
            <line number="17" hits="6" branch="false" />
            <line number="18" hits="6" branch="false" />
            <line number="19" hits="6" branch="false" />
            <line number="20" hits="6" branch="false" />
            <line number="22" hits="6" branch="false" />
            <line number="23" hits="6" branch="false" />
            <line number="25" hits="6" branch="false" />
            <line number="94" hits="1" branch="false" />
            <line number="98" hits="1" branch="false" />
            <line number="100" hits="1" branch="false" />
            <line number="102" hits="1" branch="false" />
            <line number="105" hits="1" branch="false" />
            <line number="106" hits="1" branch="false" />
            <line number="111" hits="1" branch="false" />
            <line number="113" hits="1" branch="false" />
            <line number="116" hits="1" branch="false" />
            <line number="119" hits="1" branch="false" />
            <line number="120" hits="1" branch="false" />
            <line number="123" hits="1" branch="false" />
            <line number="127" hits="1" branch="false" />
            <line number="130" hits="1" branch="false" />
            <line number="131" hits="1" branch="false" />
            <line number="135" hits="1" branch="false" />
            <line number="137" hits="1" branch="false" />
            <line number="138" hits="1" branch="false" />
            <line number="139" hits="1" branch="false" />
            <line number="142" hits="1" branch="false" />
            <line number="143" hits="1" branch="false" />
            <line number="146" hits="1" branch="false" />
            <line number="147" hits="1" branch="false" />
            <line number="151" hits="1" branch="false" />
            <line number="154" hits="1" branch="false" />
            <line number="157" hits="1" branch="false" />
            <line number="158" hits="1" branch="false" />
            <line number="161" hits="1" branch="false" />
            <line number="162" hits="1" branch="false" />
            <line number="166" hits="1" branch="false" />
            <line number="170" hits="13" branch="false" />
            <line number="171" hits="1" branch="false" />
            <line number="173" hits="1" branch="false" />
            <line number="175" hits="1" branch="false" />
            <line number="178" hits="1" branch="false" />
            <line number="179" hits="1" branch="false" />
          </lines>
        </class>
      </classes>
    </package>
  </packages>
</coverage>